<?xml version="1.0" encoding="UTF-8"?>
<testsuite name="ExpenseJournalTest" tests="1" skipped="0" failures="0" errors="0" timestamp="2024-10-17T18:59:46" hostname="MacBook-Pro-3.local" time="0.003">
  <properties/>
  <testcase name="testCreateAndPrintExpenses" classname="ExpenseJournalTest" time="0.003"/>
  <system-out><![CDATA[]]></system-out>
  <system-err><![CDATA[]]></system-err>
</testsuite>
