<?xml version="1.0" encoding="UTF-8"?>
<testsuite name="MainTest" tests="1" skipped="0" failures="0" errors="0" timestamp="2024-10-19T10:55:26" hostname="MacBook-Pro-3.local" time="0.079">
  <properties/>
  <testcase name="testExpenseSerialization" classname="MainTest" time="0.079"/>
  <system-out><![CDATA[]]></system-out>
  <system-err><![CDATA[]]></system-err>
</testsuite>
